This is XeTeX, Version 3.14159265-2.6-0.999992 (TeX Live 2020/W32TeX) (preloaded format=xelatex 2022.11.6)  15 SEP 2023 16:31
entering extended mode
 restricted \write18 enabled.
 file:line:error style messages enabled.
 %&-line parsing enabled.
**"y:/学点东西/Emerging and breakthrough technologies/assignment1/Assignment1"
(y:/学点东西/Emerging and breakthrough technologies/assignment1/Assignment1.tex
LaTeX2e <2020-02-02> patch level 5
L3 programming layer <2020-03-06> (d:/texlive/2020/texmf-dist/tex/latex/koma-script/scrartcl.cls
Document Class: scrartcl 2020/01/24 v3.29 KOMA-Script document class (article)
(d:/texlive/2020/texmf-dist/tex/latex/koma-script/scrkbase.sty
Package: scrkbase 2020/01/24 v3.29 KOMA-Script package (KOMA-Script-dependent basics and keyval usage)
 (d:/texlive/2020/texmf-dist/tex/latex/koma-script/scrbase.sty
Package: scrbase 2020/01/24 v3.29 KOMA-Script package (KOMA-Script-independent basics and keyval usage)
 (d:/texlive/2020/texmf-dist/tex/latex/graphics/keyval.sty
Package: keyval 2014/10/28 v1.15 key=value parser (DPC)
\KV@toks@=\toks15
) (d:/texlive/2020/texmf-dist/tex/latex/koma-script/scrlfile.sty
Package: scrlfile 2020/01/24 v3.29 KOMA-Script package (loading files)
))) (d:/texlive/2020/texmf-dist/tex/latex/koma-script/tocbasic.sty
Package: tocbasic 2020/01/24 v3.29 KOMA-Script package (handling toc-files)
\scr@dte@tocline@numberwidth=\skip47
\scr@dte@tocline@numbox=\box45
)
Package tocbasic Info: omitting babel extension for `toc'
(tocbasic)             because of feature `nobabel' available
(tocbasic)             for `toc' on input line 137.
Package scrartcl Info: You've used standard option `10pt'.
(scrartcl)             This is correct!
(scrartcl)             Internally I'm using `fontsize=10pt'.
(scrartcl)             If you'd like to set the option with \KOMAoptions,
(scrartcl)             you'd have to use `fontsize=10pt' there
(scrartcl)             instead of `10pt', too.
Class scrartcl Info: File `scrsize10pt.clo' used to setup font sizes on input line 2212.
 (d:/texlive/2020/texmf-dist/tex/latex/koma-script/scrsize10pt.clo
File: scrsize10pt.clo 2020/01/24 v3.29 KOMA-Script font size class option (10pt)
) (d:/texlive/2020/texmf-dist/tex/latex/koma-script/typearea.sty
Package: typearea 2020/01/24 v3.29 KOMA-Script package (type area)
\ta@bcor=\skip48
\ta@div=\count163
Package typearea Info: You've used standard option `a4paper'.
(typearea)             This is correct!
(typearea)             Internally I'm using `paper=a4'.
(typearea)             If you'd like to set the option with \KOMAoptions,
(typearea)             you'd have to use `paper=a4' there
(typearea)             instead of `a4paper', too.
\ta@hblk=\skip49
\ta@vblk=\skip50
\ta@temp=\skip51
\footheight=\skip52
Package typearea Info: These are the values describing the layout:
(typearea)             DIV  = 8
(typearea)             BCOR = 0.0pt
(typearea)             \paperwidth      = 597.50793pt
(typearea)              \textwidth      = 373.44246pt
(typearea)              DIV departure   = -4%
(typearea)              \evensidemargin = 39.76274pt
(typearea)              \oddsidemargin  = 39.76274pt
(typearea)             \paperheight     = 845.04694pt
(typearea)              \textheight     = 538.0pt
(typearea)              \topmargin      = 0.36087pt
(typearea)              \headheight     = 15.0pt
(typearea)              \headsep        = 18.0pt
(typearea)              \topskip        = 10.0pt
(typearea)              \footskip       = 42.0pt
(typearea)              \baselineskip   = 12.0pt
(typearea)              on input line 1719.
)
\c@part=\count164
\c@section=\count165
\c@subsection=\count166
\c@subsubsection=\count167
\c@paragraph=\count168
\c@subparagraph=\count169
\scr@dte@section@maxnumwidth=\skip53
Class scrartcl Info: using compatibility default `runin=bysign'
(scrartcl)           for `\section on input line 4723.
Class scrartcl Info: using compatibility default `afterindent=bysign'
(scrartcl)           for `\section on input line 4723.
\scr@dte@part@maxnumwidth=\skip54
Class scrartcl Info: using compatibility default `afterindent=false'
(scrartcl)           for `\part on input line 4731.
\scr@dte@subsection@maxnumwidth=\skip55
Class scrartcl Info: using compatibility default `runin=bysign'
(scrartcl)           for `\subsection on input line 4741.
Class scrartcl Info: using compatibility default `afterindent=bysign'
(scrartcl)           for `\subsection on input line 4741.
\scr@dte@subsubsection@maxnumwidth=\skip56
Class scrartcl Info: using compatibility default `runin=bysign'
(scrartcl)           for `\subsubsection on input line 4751.
Class scrartcl Info: using compatibility default `afterindent=bysign'
(scrartcl)           for `\subsubsection on input line 4751.
\scr@dte@paragraph@maxnumwidth=\skip57
Class scrartcl Info: using compatibility default `runin=bysign'
(scrartcl)           for `\paragraph on input line 4761.
Class scrartcl Info: using compatibility default `afterindent=bysign'
(scrartcl)           for `\paragraph on input line 4761.
\scr@dte@subparagraph@maxnumwidth=\skip58
Class scrartcl Info: using compatibility default `runin=bysign'
(scrartcl)           for `\subparagraph on input line 4771.
Class scrartcl Info: using compatibility default `afterindent=bysign'
(scrartcl)           for `\subparagraph on input line 4771.
\abovecaptionskip=\skip59
\belowcaptionskip=\skip60
\c@pti@nb@sid@b@x=\box46
Package tocbasic Info: omitting babel extension for `lof'
(tocbasic)             because of feature `nobabel' available
(tocbasic)             for `lof' on input line 6002.
\scr@dte@figure@maxnumwidth=\skip61
\c@figure=\count170
Package tocbasic Info: omitting babel extension for `lot'
(tocbasic)             because of feature `nobabel' available
(tocbasic)             for `lot' on input line 6014.
\scr@dte@table@maxnumwidth=\skip62
\c@table=\count171
Class scrartcl Info: Redefining `\numberline' on input line 6178.
\bibindent=\dimen134
) (d:/texlive/2020/texmf-dist/tex/xelatex/xltxtra/xltxtra.sty
Package: xltxtra 2018/12/31 v0.7 Improvements for the "XeLaTeX" format
 (d:/texlive/2020/texmf-dist/tex/generic/iftex/ifluatex.sty
Package: ifluatex 2019/10/25 v1.5 ifluatex legacy package. Use iftex instead.
 (d:/texlive/2020/texmf-dist/tex/generic/iftex/iftex.sty
Package: iftex 2020/03/06 v1.0d TeX engine tests
)) (d:/texlive/2020/texmf-dist/tex/generic/iftex/ifxetex.sty
Package: ifxetex 2019/10/25 v0.7 ifxetex legacy package. Use iftex instead.
) (d:/texlive/2020/texmf-dist/tex/latex/fontspec/fontspec.sty (d:/texlive/2020/texmf-dist/tex/latex/l3packages/xparse/xparse.sty (d:/texlive/2020/texmf-dist/tex/latex/l3kernel/expl3.sty
Package: expl3 2020-03-06 L3 programming layer (loader) 
 (d:/texlive/2020/texmf-dist/tex/latex/l3backend/l3backend-xdvipdfmx.def
File: l3backend-xdvipdfmx.def 2020-03-12 L3 backend support: xdvipdfmx
\g__graphics_track_int=\count172
\l__pdf_internal_box=\box47
\g__pdf_backend_object_int=\count173
\g__pdf_backend_annotation_int=\count174
))
Package: xparse 2020-03-06 L3 Experimental document command parser
\l__xparse_current_arg_int=\count175
\g__xparse_grabber_int=\count176
\l__xparse_m_args_int=\count177
\l__xparse_v_nesting_int=\count178
)
Package: fontspec 2020/02/21 v2.7i Font selection for XeLaTeX and LuaLaTeX
 (d:/texlive/2020/texmf-dist/tex/latex/fontspec/fontspec-xetex.sty
Package: fontspec-xetex 2020/02/21 v2.7i Font selection for XeLaTeX and LuaLaTeX
\l__fontspec_script_int=\count179
\l__fontspec_language_int=\count180
\l__fontspec_strnum_int=\count181
\l__fontspec_tmp_int=\count182
\l__fontspec_tmpa_int=\count183
\l__fontspec_tmpb_int=\count184
\l__fontspec_tmpc_int=\count185
\l__fontspec_em_int=\count186
\l__fontspec_emdef_int=\count187
\l__fontspec_strong_int=\count188
\l__fontspec_strongdef_int=\count189
\l__fontspec_tmpa_dim=\dimen135
\l__fontspec_tmpb_dim=\dimen136
\l__fontspec_tmpc_dim=\dimen137
 (d:/texlive/2020/texmf-dist/tex/latex/base/fontenc.sty
Package: fontenc 2020/02/11 v2.0o Standard LaTeX package
) (d:/texlive/2020/texmf-dist/tex/latex/fontspec/fontspec.cfg))) (d:/texlive/2020/texmf-dist/tex/latex/realscripts/realscripts.sty
Package: realscripts 2016/02/13 v0.3d Access OpenType subscripts and superscripts
\subsupersep=\dimen138
) (d:/texlive/2020/texmf-dist/tex/latex/metalogo/metalogo.sty
Package: metalogo 2010/05/29 v0.12 Extended TeX logo macros
 (d:/texlive/2020/texmf-dist/tex/latex/graphics/graphicx.sty
Package: graphicx 2019/11/30 v1.2a Enhanced LaTeX Graphics (DPC,SPQR)
 (d:/texlive/2020/texmf-dist/tex/latex/graphics/graphics.sty
Package: graphics 2019/11/30 v1.4a Standard LaTeX Graphics (DPC,SPQR)
 (d:/texlive/2020/texmf-dist/tex/latex/graphics/trig.sty
Package: trig 2016/01/03 v1.10 sin cos tan (DPC)
) (d:/texlive/2020/texmf-dist/tex/latex/graphics-cfg/graphics.cfg
File: graphics.cfg 2016/06/04 v1.11 sample graphics configuration
)
Package graphics Info: Driver file: xetex.def on input line 105.
 (d:/texlive/2020/texmf-dist/tex/latex/graphics-def/xetex.def
File: xetex.def 2017/06/24 v5.0h Graphics/color driver for xetex
))
\Gin@req@height=\dimen139
\Gin@req@width=\dimen140
)
\xl@everylogo=\toks16
\xl@@everylogo=\toks17
LaTeX Info: Redefining \TeX on input line 193.
LaTeX Info: Redefining \LaTeX on input line 202.
LaTeX Info: Redefining \LaTeXe on input line 219.
)
\l__xetex_show_hyphens_wrapping_box=\box48
\l__xetex_show_hyphens_temp_box=\box49
\l__xetex_show_hyphens_final_box=\box50
\g__xetex_show_hyphens_word_box=\box51
) (d:/texlive/2020/texmf-dist/tex/latex/xkeyval/xkeyval.sty
Package: xkeyval 2014/12/03 v2.7a package option processing (HA)
 (d:/texlive/2020/texmf-dist/tex/generic/xkeyval/xkeyval.tex (d:/texlive/2020/texmf-dist/tex/generic/xkeyval/xkvutils.tex
\XKV@toks=\toks18
\XKV@tempa@toks=\toks19
)
\XKV@depth=\count190
File: xkeyval.tex 2014/12/03 v2.7a key=value parser (HA)
)) (d:/texlive/2020/texmf-dist/tex/latex/polyglossia/polyglossia.sty
Package: polyglossia 2020/03/25 v1.48 Modern multilingual typesetting with XeLaTeX and LuaLaTeX
 (d:/texlive/2020/texmf-dist/tex/latex/etoolbox/etoolbox.sty
Package: etoolbox 2019/09/21 v2.5h e-TeX tools for LaTeX (JAW)
\etb@tempcnta=\count191
) (d:/texlive/2020/texmf-dist/tex/latex/makecmds/makecmds.sty
Package: makecmds 2009/09/03 v1.0a extra command making commands
) (d:/texlive/2020/texmf-dist/tex/latex/l3packages/l3keys2e/l3keys2e.sty
Package: l3keys2e 2020-03-06 LaTeX2e option processing using LaTeX3 keys
) (d:/texlive/2020/texmf-dist/tex/latex/filehook/filehook.sty
Package: filehook 2020/02/03 v0.7 Hooks for input files
 (d:/texlive/2020/texmf-dist/tex/latex/filehook/filehook-scrlfile.sty
Package: filehook-scrlfile 2020/02/02 v0.2 filehook patch for scrlfile package
Package filehook Info: Package 'scrlfile' detected and compensated for on input line 107.
))
\xpg@normalclass=\XeTeXcharclass1
 (d:/texlive/2020/texmf-dist/tex/latex/polyglossia/gloss-latex.ldf
File: gloss-latex.ldf polyglossia: module for default language
The property list \polyglossia@langsetup contains the pairs (without outer
braces):
>  {latex/script}  =>  {latin}
>  {latex/lcscript}  =>  {latin}
>  {latex/scripttag}  =>  {}
>  {latex/language}  =>  {Latex}
>  {latex/langtag}  =>  {ENG}
>  {latex/bcp47}  =>  {}
>  {latex/hyphennames}  =>  {english}
>  {latex/direction}  =>  {LR}
>  {latex/hyphenmins}  =>  {2,3}
>  {latex/frenchspacing}  =>  {false}
>  {latex/indentfirst}  =>  {false}
>  {latex/fontsetup}  =>  {true}
>  {latex/envname}  =>  {latex}
>  {latex/babelname}  =>  {latex}
>  {latex/localnumeral}  =>  {polyglossia@C@localnumeral}
>  {latex/Localnumeral}  =>  {polyglossia@C@localnumeral}.
)
Package polyglossia Info: Default language is latex.
) (d:/texlive/2020/texmf-dist/tex/latex/geometry/geometry.sty
Package: geometry 2020/01/02 v5.9 Page Geometry
 (d:/texlive/2020/texmf-dist/tex/generic/iftex/ifvtex.sty
Package: ifvtex 2019/10/25 v1.7 ifvtex legacy package. Use iftex instead.
)
\Gm@cnth=\count192
\Gm@cntv=\count193
\c@Gm@tempcnt=\count194
\Gm@bindingoffset=\dimen141
\Gm@wd@mp=\dimen142
\Gm@odd@mp=\dimen143
\Gm@even@mp=\dimen144
\Gm@layoutwidth=\dimen145
\Gm@layoutheight=\dimen146
\Gm@layouthoffset=\dimen147
\Gm@layoutvoffset=\dimen148
\Gm@dimlist=\toks20
) (d:/texlive/2020/texmf-dist/tex/latex/csquotes/csquotes.sty
Package: csquotes 2019-12-06 v5.2j context-sensitive quotations (JAW)
\csq@reset=\count195
\csq@gtype=\count196
\csq@glevel=\count197
\csq@qlevel=\count198
\csq@maxlvl=\count199
\csq@tshold=\count266
\csq@ltx@everypar=\toks21
 (d:/texlive/2020/texmf-dist/tex/latex/csquotes/csquotes.def
File: csquotes.def 2019-12-06 v5.2j csquotes generic definitions (JAW)
)
Package csquotes Info: Trying to load configuration file 'csquotes.cfg'...
Package csquotes Info: ... configuration file loaded successfully.
 (d:/texlive/2020/texmf-dist/tex/latex/csquotes/csquotes.cfg
File: csquotes.cfg 
)) (d:/texlive/2020/texmf-dist/tex/latex/titlesec/titlesec.sty
Package: titlesec 2019/10/16 v2.13 Sectioning titles
\ttl@box=\box52
\beforetitleunit=\skip63
\aftertitleunit=\skip64
\ttl@plus=\dimen149
\ttl@minus=\dimen150
\ttl@toksa=\toks22
\titlewidth=\dimen151
\titlewidthlast=\dimen152
\titlewidthfirst=\dimen153


Package titlesec Warning: Non standard sectioning command \section
(titlesec)                detected. Using default spacing and no format.


Package titlesec Warning: Non standard sectioning command \subsection
(titlesec)                detected. Using default spacing and no format.


Package titlesec Warning: Non standard sectioning command \subsubsection
(titlesec)                detected. Using default spacing and no format.


Package titlesec Warning: Non standard sectioning command \paragraph
(titlesec)                detected. Using default spacing and no format.


Package titlesec Warning: Non standard sectioning command \subparagraph
(titlesec)                detected. Using default spacing and no format.

)
Class scrartcl Info: Unknown `titesec' release.
(scrartcl)           Cross your fingers, that is compatible on input line 8.
 (d:/texlive/2020/texmf-dist/tex/latex/url/url.sty
\Urlmuskip=\muskip16
Package: url 2013/09/16  ver 3.4  Verb mode for urls, etc.
) (d:/texlive/2020/texmf-dist/tex/latex/paralist/paralist.sty
Package: paralist 2017/01/22 v2.7 Extended list environments
\pltopsep=\skip65
\plpartopsep=\skip66
\plitemsep=\skip67
\plparsep=\skip68
\pl@lab=\toks23
) (d:/texlive/2020/texmf-dist/tex/latex/textpos/textpos.sty
Package: textpos 2019/04/15 v1.9.1

Package: textpos 2019/04/15 1.9.1, absolute positioning of text on the page
(d:/texlive/2020/texmf-dist/tex/latex/ms/everyshi.sty
Package: everyshi 2001/05/15 v3.00 EveryShipout Package (MS)
)
\TP@textbox=\box53
\TP@holdbox=\box54
\TPHorizModule=\dimen154
\TPVertModule=\dimen155
\TP@margin=\dimen156
\TP@absmargin=\dimen157

Grid set 16 x 16 = 31.29802pt x 44.45743pt
\TPboxrulesize=\dimen158
\TP@ox=\dimen159
\TP@oy=\dimen160
\TP@tbargs=\toks24
\TP@prevdepth=\dimen161
TextBlockOrigin set to 0pt x 0pt
) (d:/texlive/2020/texmf-dist/tex/latex/graphics/rotating.sty
Package: rotating 2016/08/11 v2.16d rotated objects in LaTeX
 (d:/texlive/2020/texmf-dist/tex/latex/base/ifthen.sty
Package: ifthen 2014/09/29 v1.1c Standard LaTeX ifthen package (DPC)
)
\c@r@tfl@t=\count267
\rotFPtop=\skip69
\rotFPbot=\skip70
\rot@float@box=\box55
\rot@mess@toks=\toks25
) (d:/texlive/2020/texmf-dist/tex/latex/koma-script/scrpage2.sty
Package: scrpage2 2020/01/24 v3.29 KOMA-Script package (page head and foot)


Package scrpage2 Warning: usage of obsolete package!
(scrpage2)                Package `scrpage2' is obsolete.
(scrpage2)                You should not longer use package `scrpage2'.
(scrpage2)                You should replace usage of package `scrpage2'
(scrpage2)                by `scrlayer-scrpage' on input line 52.

LaTeX Info: Redefining \pagemark on input line 180.
) (d:/texlive/2020/texmf-dist/tex/latex/blindtext/blindtext.sty
Package: blindtext 2012/01/06 V2.0 blindtext-Package
 (d:/texlive/2020/texmf-dist/tex/latex/tools/xspace.sty
Package: xspace 2014/10/28 v1.13 Space after command names (DPC,MH)
)
\c@blindtext=\count268
\c@Blindtext=\count269
\c@blind@countparstart=\count270
\blind@countxx=\count271
\blindtext@numBlindtext=\count272
\blind@countyy=\count273
\c@blindlist=\count274
\c@blindlistlevel=\count275
\c@blindlist@level=\count276
\blind@listitem=\count277
\c@blind@listcount=\count278
\c@blind@levelcount=\count279
\blind@mathformula=\count280
\blind@Mathformula=\count281
\c@blind@randomcount=\count282
\c@blind@randommax=\count283
\c@blind@pangramcount=\count284
\c@blind@pangrammax=\count285
) (d:/texlive/2020/texmf-dist/tex/latex/ctex/ctex.sty
Package: ctex 2019/05/29 v2.4.16 Chinese adapter in LaTeX (CTEX)
 (d:/texlive/2020/texmf-dist/tex/latex/ctex/ctexhook.sty
Package: ctexhook 2019/05/29 v2.4.16 Document and package hooks (CTEX)
) (d:/texlive/2020/texmf-dist/tex/latex/ctex/ctexpatch.sty
Package: ctexpatch 2019/05/29 v2.4.16 Patching commands (CTEX)
) (d:/texlive/2020/texmf-dist/tex/latex/base/fix-cm.sty
Package: fix-cm 2015/01/14 v1.1t fixes to LaTeX
 (d:/texlive/2020/texmf-dist/tex/latex/base/ts1enc.def
File: ts1enc.def 2001/06/05 v3.0e (jk/car/fm) Standard LaTeX file
LaTeX Font Info:    Redeclaring font encoding TS1 on input line 47.
)) (d:/texlive/2020/texmf-dist/tex/latex/ms/everysel.sty
Package: everysel 2011/10/28 v1.2 EverySelectfont Package (MS)
)
\l__ctex_tmp_int=\count286
\l__ctex_tmp_box=\box56
\l__ctex_tmp_dim=\dimen162
\g__ctex_section_depth_int=\count287
\g__ctex_font_size_int=\count288
 (d:/texlive/2020/texmf-dist/tex/latex/ctex/config/ctexopts.cfg
File: ctexopts.cfg 2019/05/29 v2.4.16 Option configuration file (CTEX)
) (d:/texlive/2020/texmf-dist/tex/latex/ctex/engine/ctex-engine-xetex.def
File: ctex-engine-xetex.def 2019/05/29 v2.4.16 XeLaTeX adapter (CTEX)
 (d:/texlive/2020/texmf-dist/tex/xelatex/xecjk/xeCJK.sty
Package: xeCJK 2020/02/18 v3.8.2 Typesetting CJK scripts with XeLaTeX
 (d:/texlive/2020/texmf-dist/tex/latex/l3packages/xtemplate/xtemplate.sty
Package: xtemplate 2020-03-06 L3 Experimental prototype document functions
\l__xtemplate_tmp_dim=\dimen163
\l__xtemplate_tmp_int=\count289
\l__xtemplate_tmp_muskip=\muskip17
\l__xtemplate_tmp_skip=\skip71
)
\l__xeCJK_tmp_int=\count290
\l__xeCJK_tmp_box=\box57
\l__xeCJK_tmp_dim=\dimen164
\l__xeCJK_tmp_skip=\skip72
\g__xeCJK_space_factor_int=\count291
\l__xeCJK_begin_int=\count292
\l__xeCJK_end_int=\count293
\c__xeCJK_CJK_class_int=\XeTeXcharclass2
\c__xeCJK_FullLeft_class_int=\XeTeXcharclass3
\c__xeCJK_FullRight_class_int=\XeTeXcharclass4
\c__xeCJK_HalfLeft_class_int=\XeTeXcharclass5
\c__xeCJK_HalfRight_class_int=\XeTeXcharclass6
\c__xeCJK_NormalSpace_class_int=\XeTeXcharclass7
\c__xeCJK_CM_class_int=\XeTeXcharclass8
\c__xeCJK_HangulJamo_class_int=\XeTeXcharclass9
\l__xeCJK_last_skip=\skip73
\g__xeCJK_node_int=\count294
\c__xeCJK_CJK_node_dim=\dimen165
\c__xeCJK_CJK-space_node_dim=\dimen166
\c__xeCJK_default_node_dim=\dimen167
\c__xeCJK_default-space_node_dim=\dimen168
\c__xeCJK_CJK-widow_node_dim=\dimen169
\c__xeCJK_normalspace_node_dim=\dimen170
\l__xeCJK_ccglue_skip=\skip74
\l__xeCJK_ecglue_skip=\skip75
\l__xeCJK_punct_kern_skip=\skip76
\l__xeCJK_last_penalty_int=\count295
\l__xeCJK_last_bound_dim=\dimen171
\l__xeCJK_last_kern_dim=\dimen172
\l__xeCJK_widow_penalty_int=\count296

Package xtemplate Info: Declaring object type 'xeCJK/punctuation' taking 0
(xtemplate)             argument(s) on line 2302.

\l__xeCJK_fixed_punct_width_dim=\dimen173
\l__xeCJK_mixed_punct_width_dim=\dimen174
\l__xeCJK_middle_punct_width_dim=\dimen175
\l__xeCJK_fixed_margin_width_dim=\dimen176
\l__xeCJK_mixed_margin_width_dim=\dimen177
\l__xeCJK_middle_margin_width_dim=\dimen178
\l__xeCJK_bound_punct_width_dim=\dimen179
\l__xeCJK_bound_margin_width_dim=\dimen180
\l__xeCJK_margin_minimum_dim=\dimen181
\l__xeCJK_kerning_total_width_dim=\dimen182
\l__xeCJK_same_align_margin_dim=\dimen183
\l__xeCJK_different_align_margin_dim=\dimen184
\l__xeCJK_kerning_margin_width_dim=\dimen185
\l__xeCJK_kerning_margin_minimum_dim=\dimen186
\l__xeCJK_bound_dim=\dimen187
\l__xeCJK_reverse_bound_dim=\dimen188
\l__xeCJK_margin_dim=\dimen189
\l__xeCJK_minimum_bound_dim=\dimen190
\l__xeCJK_kerning_margin_dim=\dimen191
\g__xeCJK_family_int=\count297
\l__xeCJK_fam_int=\count298
\g__xeCJK_fam_allocation_int=\count299
\l__xeCJK_verb_case_int=\count300
\l__xeCJK_verb_exspace_skip=\skip77
 (d:/texlive/2020/texmf-dist/tex/xelatex/xecjk/xeCJK.cfg
File: xeCJK.cfg 2020/02/18 v3.8.2 Configuration file for xeCJK package
)) (d:/texlive/2020/texmf-dist/tex/xelatex/xecjk/xeCJKfntef.sty
Package: xeCJKfntef 2020/02/18 v3.8.2 xeCJK font effect
 (d:/texlive/2020/texmf-dist/tex/generic/ulem/ulem.sty
\UL@box=\box58
\UL@hyphenbox=\box59
\UL@skip=\skip78
\UL@hook=\toks26
\UL@height=\dimen192
\UL@pe=\count301
\UL@pixel=\dimen193
\ULC@box=\box60
Package: ulem 2019/11/18
\ULdepth=\dimen194
)
\l__xeCJK_space_skip=\skip79
\c__xeCJK_ulem-begin_node_dim=\dimen195
\c__xeCJK_null_box=\box61
\l__xeCJK_fntef_box=\box62
\l__xeCJK_under_symbol_box=\box63
\c__xeCJK_filll_skip=\skip80
)
\ccwd=\dimen196
\l__ctex_ccglue_skip=\skip81
)
\l__ctex_ziju_dim=\dimen197
 (d:/texlive/2020/texmf-dist/tex/latex/zhnumber/zhnumber.sty
Package: zhnumber 2019/04/07 v2.7 Typesetting numbers with Chinese glyphs
\l__zhnum_scale_int=\count302
 (d:/texlive/2020/texmf-dist/tex/latex/zhnumber/zhnumber-utf8.cfg
File: zhnumber-utf8.cfg 2019/04/07 v2.7 Chinese numerals with UTF8 encoding
)) (d:/texlive/2020/texmf-dist/tex/latex/ctex/scheme/ctex-scheme-chinese.def
File: ctex-scheme-chinese.def 2019/05/29 v2.4.16 Chinese scheme for generic (CTEX)
 (d:/texlive/2020/texmf-dist/tex/latex/ctex/config/ctex-name-utf8.cfg
File: ctex-name-utf8.cfg 2019/05/29 v2.4.16 Caption with encoding UTF8 (CTEX)
)) (d:/texlive/2020/texmf-dist/tex/latex/ctex/fontset/ctex-fontset-windows.def
File: ctex-fontset-windows.def 2019/05/29 v2.4.16 Windows fonts definition (CTEX)
 (d:/texlive/2020/texmf-dist/tex/latex/ctex/fontset/ctex-fontset-windowsnew.def
File: ctex-fontset-windowsnew.def 2019/05/29 v2.4.16 Windows fonts definition for Vista or later version (CTEX)

Package fontspec Info: Could not resolve font "KaiTi/B" (it probably doesn't
(fontspec)             exist).


Package fontspec Info: Could not resolve font "SimHei/I" (it probably doesn't
(fontspec)             exist).


Package fontspec Info: Could not resolve font "SimSun/BI" (it probably doesn't
(fontspec)             exist).


Package fontspec Info: Font family 'SimSun(0)' created for font 'SimSun' with
(fontspec)             options
(fontspec)             [Script={CJK},BoldFont={SimHei},ItalicFont={KaiTi}].
(fontspec)              
(fontspec)              This font family consists of the following NFSS
(fontspec)             series/shapes:
(fontspec)              
(fontspec)             - 'normal' (m/n) with NFSS spec.:
(fontspec)             <->"SimSun/OT:script=hani;language=dflt;"
(fontspec)             - 'small caps'  (m/sc) with NFSS spec.: 
(fontspec)             - 'bold' (b/n) with NFSS spec.:
(fontspec)             <->"SimHei/OT:script=hani;language=dflt;"
(fontspec)             - 'bold small caps'  (b/sc) with NFSS spec.: 
(fontspec)             - 'italic' (m/it) with NFSS spec.:
(fontspec)             <->"KaiTi/OT:script=hani;language=dflt;"
(fontspec)             - 'italic small caps'  (m/scit) with NFSS spec.: 

))) (d:/texlive/2020/texmf-dist/tex/latex/ctex/config/ctex.cfg
File: ctex.cfg 2019/05/29 v2.4.16 Configuration file (CTEX)
) (d:/texlive/2020/texmf-dist/tex/latex/hyperref/hyperref.sty
Package: hyperref 2020/01/14 v7.00d Hypertext links for LaTeX
 (d:/texlive/2020/texmf-dist/tex/generic/ltxcmds/ltxcmds.sty
Package: ltxcmds 2019/12/15 v1.24 LaTeX kernel commands for general use (HO)
) (d:/texlive/2020/texmf-dist/tex/latex/pdftexcmds/pdftexcmds.sty
Package: pdftexcmds 2019/11/24 v0.31 Utility functions of pdfTeX for LuaTeX (HO)
 (d:/texlive/2020/texmf-dist/tex/generic/infwarerr/infwarerr.sty
Package: infwarerr 2019/12/03 v1.5 Providing info/warning/error messages (HO)
)
Package pdftexcmds Info: \pdf@primitive is available.
Package pdftexcmds Info: \pdf@ifprimitive is available.
Package pdftexcmds Info: \pdfdraftmode not found.
) (d:/texlive/2020/texmf-dist/tex/generic/kvsetkeys/kvsetkeys.sty
Package: kvsetkeys 2019/12/15 v1.18 Key value parser (HO)
) (d:/texlive/2020/texmf-dist/tex/generic/kvdefinekeys/kvdefinekeys.sty
Package: kvdefinekeys 2019-12-19 v1.6 Define keys (HO)
) (d:/texlive/2020/texmf-dist/tex/generic/pdfescape/pdfescape.sty
Package: pdfescape 2019/12/09 v1.15 Implements pdfTeX's escape features (HO)
) (d:/texlive/2020/texmf-dist/tex/latex/hycolor/hycolor.sty
Package: hycolor 2020-01-27 v1.10 Color options for hyperref/bookmark (HO)
) (d:/texlive/2020/texmf-dist/tex/latex/letltxmacro/letltxmacro.sty
Package: letltxmacro 2019/12/03 v1.6 Let assignment for LaTeX macros (HO)
) (d:/texlive/2020/texmf-dist/tex/latex/auxhook/auxhook.sty
Package: auxhook 2019-12-17 v1.6 Hooks for auxiliary files (HO)
) (d:/texlive/2020/texmf-dist/tex/latex/kvoptions/kvoptions.sty
Package: kvoptions 2019/11/29 v3.13 Key value format for package options (HO)
)
\@linkdim=\dimen198
\Hy@linkcounter=\count303
\Hy@pagecounter=\count304
 (d:/texlive/2020/texmf-dist/tex/latex/hyperref/pd1enc.def
File: pd1enc.def 2020/01/14 v7.00d Hyperref: PDFDocEncoding definition (HO)
) (d:/texlive/2020/texmf-dist/tex/generic/intcalc/intcalc.sty
Package: intcalc 2019/12/15 v1.3 Expandable calculations with integers (HO)
) (d:/texlive/2020/texmf-dist/tex/generic/etexcmds/etexcmds.sty
Package: etexcmds 2019/12/15 v1.7 Avoid name clashes with e-TeX commands (HO)
)
\Hy@SavedSpaceFactor=\count305
Package hyperref Info: Option `unicode' set `true' on input line 4421.
 (d:/texlive/2020/texmf-dist/tex/latex/hyperref/puenc.def
File: puenc.def 2020/01/14 v7.00d Hyperref: PDF Unicode definition (HO)
)
Package hyperref Info: Hyper figures OFF on input line 4547.
Package hyperref Info: Link nesting OFF on input line 4552.
Package hyperref Info: Hyper index ON on input line 4555.
Package hyperref Info: Plain pages OFF on input line 4562.
Package hyperref Info: Backreferencing OFF on input line 4567.
Package hyperref Info: Implicit mode ON; LaTeX internals redefined.
Package hyperref Info: Bookmarks ON on input line 4800.
\c@Hy@tempcnt=\count306
LaTeX Info: Redefining \url on input line 5159.
\XeTeXLinkMargin=\dimen199
 (d:/texlive/2020/texmf-dist/tex/generic/bitset/bitset.sty
Package: bitset 2019/12/09 v1.3 Handle bit-vector datatype (HO)
 (d:/texlive/2020/texmf-dist/tex/generic/bigintcalc/bigintcalc.sty
Package: bigintcalc 2019/12/15 v1.5 Expandable calculations on big integers (HO)
))
\Fld@menulength=\count307
\Field@Width=\dimen256
\Fld@charsize=\dimen257
Package hyperref Info: Hyper figures OFF on input line 6430.
Package hyperref Info: Link nesting OFF on input line 6435.
Package hyperref Info: Hyper index ON on input line 6438.
Package hyperref Info: backreferencing OFF on input line 6445.
Package hyperref Info: Link coloring OFF on input line 6450.
Package hyperref Info: Link coloring with OCG OFF on input line 6455.
Package hyperref Info: PDF/A mode OFF on input line 6460.
LaTeX Info: Redefining \ref on input line 6500.
LaTeX Info: Redefining \pageref on input line 6504.
 (d:/texlive/2020/texmf-dist/tex/generic/atbegshi/atbegshi.sty
Package: atbegshi 2019/12/05 v1.19 At begin shipout hook (HO)
)
\Hy@abspage=\count308
\c@Item=\count309
\c@Hfootnote=\count310
)
Package hyperref Info: Driver (autodetected): hxetex.
 (d:/texlive/2020/texmf-dist/tex/latex/hyperref/hxetex.def
File: hxetex.def 2020/01/14 v7.00d Hyperref driver for XeTeX
 (d:/texlive/2020/texmf-dist/tex/generic/stringenc/stringenc.sty
Package: stringenc 2019/11/29 v1.12 Convert strings between diff. encodings (HO)
)
\pdfm@box=\box64
\c@Hy@AnnotLevel=\count311
\HyField@AnnotCount=\count312
\Fld@listcount=\count313
\c@bookmark@seq@number=\count314
 (d:/texlive/2020/texmf-dist/tex/latex/rerunfilecheck/rerunfilecheck.sty
Package: rerunfilecheck 2019/12/05 v1.9 Rerun checks for auxiliary files (HO)
 (d:/texlive/2020/texmf-dist/tex/latex/atveryend/atveryend.sty
Package: atveryend 2019-12-11 v1.11 Hooks at the very end of document (HO)
) (d:/texlive/2020/texmf-dist/tex/generic/uniquecounter/uniquecounter.sty
Package: uniquecounter 2019/12/15 v1.4 Provide unlimited unique counter (HO)
)
Package uniquecounter Info: New unique counter `rerunfilecheck' on input line 286.
)
\Hy@SectionHShift=\skip82
) (d:/texlive/2020/texmf-dist/tex/latex/tools/indentfirst.sty
Package: indentfirst 1995/11/23 v1.03 Indent first paragraph (DPC)
) (d:/texlive/2020/texmf-dist/tex/latex/tools/enumerate.sty
Package: enumerate 2015/07/23 v3.00 enumerate extensions (DPC)
\@enLab=\toks27
) (d:/texlive/2020/texmf-dist/tex/latex/pythonhighlight/pythonhighlight.sty
Package: pythonhighlight 2017/02/09 python code highlighting; provided by Olivier Verdier <olivier.verdier@gmail.com>
 (d:/texlive/2020/texmf-dist/tex/latex/listings/listings.sty
\lst@mode=\count315
\lst@gtempboxa=\box65
\lst@token=\toks28
\lst@length=\count316
\lst@currlwidth=\dimen258
\lst@column=\count317
\lst@pos=\count318
\lst@lostspace=\dimen259
\lst@width=\dimen260
\lst@newlines=\count319
\lst@lineno=\count320
\lst@maxwidth=\dimen261
 (d:/texlive/2020/texmf-dist/tex/latex/listings/lstmisc.sty
File: lstmisc.sty 2020/03/24 1.8d (Carsten Heinz)
\c@lstnumber=\count321
\lst@skipnumbers=\count322
\lst@framebox=\box66
) (d:/texlive/2020/texmf-dist/tex/latex/listings/listings.cfg
File: listings.cfg 2020/03/24 1.8d listings configuration
))
Package: listings 2020/03/24 1.8d (Carsten Heinz)
 (d:/texlive/2020/texmf-dist/tex/latex/xcolor/xcolor.sty
Package: xcolor 2016/05/11 v2.12 LaTeX color extensions (UK)
 (d:/texlive/2020/texmf-dist/tex/latex/graphics-cfg/color.cfg
File: color.cfg 2016/01/02 v1.6 sample color configuration
)
Package xcolor Info: Driver file: xetex.def on input line 225.
Package xcolor Info: Model `cmy' substituted by `cmy0' on input line 1348.
Package xcolor Info: Model `RGB' extended on input line 1364.
Package xcolor Info: Model `HTML' substituted by `rgb' on input line 1366.
Package xcolor Info: Model `Hsb' substituted by `hsb' on input line 1367.
Package xcolor Info: Model `tHsb' substituted by `hsb' on input line 1368.
Package xcolor Info: Model `HSB' substituted by `hsb' on input line 1369.
Package xcolor Info: Model `Gray' substituted by `gray' on input line 1370.
Package xcolor Info: Model `wave' substituted by `hsb' on input line 1371.
)) (d:/texlive/2020/texmf-dist/tex/latex/amsfonts/eucal.sty
Package: eucal 2009/06/22 v3.00 Euler Script fonts
LaTeX Font Info:    Overwriting math alphabet `\EuScript' in version `bold'
(Font)                  U/eus/m/n --> U/eus/b/n on input line 33.
) (d:/texlive/2020/texmf-dist/tex/latex/jknapltx/mathrsfs.sty
Package: mathrsfs 1996/01/01 Math RSFS package v1.0 (jk)
\symrsfs=\mathgroup4
) (d:/texlive/2020/texmf-dist/tex/latex/booktabs/booktabs.sty
Package: booktabs 2020/01/12 v1.61803398 Publication quality tables
\heavyrulewidth=\dimen262
\lightrulewidth=\dimen263
\cmidrulewidth=\dimen264
\belowrulesep=\dimen265
\belowbottomsep=\dimen266
\aboverulesep=\dimen267
\abovetopsep=\dimen268
\cmidrulesep=\dimen269
\cmidrulekern=\dimen270
\defaultaddspace=\dimen271
\@cmidla=\count323
\@cmidlb=\count324
\@aboverulesep=\dimen272
\@belowrulesep=\dimen273
\@thisruleclass=\count325
\@lastruleclass=\count326
\@thisrulewidth=\dimen274
) (d:/texlive/2020/texmf-dist/tex/latex/capt-of/capt-of.sty
Package: capt-of 2009/12/29 v0.2 standard captions outside of floats
) (d:/texlive/2020/texmf-dist/tex/latex/abstract/abstract.sty
Package: abstract 2009/06/08 v1.2a configurable abstracts
\abstitleskip=\skip83
\absleftindent=\skip84
\absrightindent=\skip85
\absparindent=\skip86
\absparsep=\skip87
) (d:/texlive/2020/texmf-dist/tex/latex/amsmath/amsmath.sty
Package: amsmath 2020/01/20 v2.17e AMS math features
\@mathmargin=\skip88

For additional information on amsmath, use the `?' option.
(d:/texlive/2020/texmf-dist/tex/latex/amsmath/amstext.sty
Package: amstext 2000/06/29 v2.01 AMS text
 (d:/texlive/2020/texmf-dist/tex/latex/amsmath/amsgen.sty
File: amsgen.sty 1999/11/30 v2.0 generic functions
\@emptytoks=\toks29
\ex@=\dimen275
)) (d:/texlive/2020/texmf-dist/tex/latex/amsmath/amsbsy.sty
Package: amsbsy 1999/11/29 v1.2d Bold Symbols
\pmbraise@=\dimen276
) (d:/texlive/2020/texmf-dist/tex/latex/amsmath/amsopn.sty
Package: amsopn 2016/03/08 v2.02 operator names
)
\inf@bad=\count327
LaTeX Info: Redefining \frac on input line 227.
\uproot@=\count328
\leftroot@=\count329
LaTeX Info: Redefining \overline on input line 389.
\classnum@=\count330
\DOTSCASE@=\count331
LaTeX Info: Redefining \ldots on input line 486.
LaTeX Info: Redefining \dots on input line 489.
LaTeX Info: Redefining \cdots on input line 610.
\Mathstrutbox@=\box67
\strutbox@=\box68
\big@size=\dimen277
LaTeX Font Info:    Redeclaring font encoding OML on input line 733.
LaTeX Font Info:    Redeclaring font encoding OMS on input line 734.
\macc@depth=\count332
\c@MaxMatrixCols=\count333
\dotsspace@=\muskip18
\c@parentequation=\count334
\dspbrk@lvl=\count335
\tag@help=\toks30
\row@=\count336
\column@=\count337
\maxfields@=\count338
\andhelp@=\toks31
\eqnshift@=\dimen278
\alignsep@=\dimen279
\tagshift@=\dimen280
\tagwidth@=\dimen281
\totwidth@=\dimen282
\lineht@=\dimen283
\@envbody=\toks32
\multlinegap=\skip89
\multlinetaggap=\skip90
\mathdisplay@stack=\toks33
LaTeX Info: Redefining \[ on input line 2859.
LaTeX Info: Redefining \] on input line 2860.
) (d:/texlive/2020/texmf-dist/tex/latex/caption/caption.sty
Package: caption 2020/01/03 v3.4h Customizing captions (AR)
 (d:/texlive/2020/texmf-dist/tex/latex/caption/caption3.sty
Package: caption3 2020/01/03 v1.8h caption3 kernel (AR)
Package caption3 Info: TeX engine: e-TeX on input line 61.
\captionmargin=\dimen284
\captionmargin@=\dimen285
\captionwidth=\dimen286
\caption@tempdima=\dimen287
\caption@indent=\dimen288
\caption@parindent=\dimen289
\caption@hangindent=\dimen290
Package caption Info: KOMA-Script document class detected.
)
Package caption Info: KOMA-Script document class.
\c@caption@flags=\count339
\c@continuedfloat=\count340
Package caption Info: hyperref package is loaded.
Package caption Info: listings package is loaded.
Package caption Info: rotating package is loaded.
) (d:/texlive/2020/texmf-dist/tex/latex/subfigure/subfigure.sty
Package: subfigure 2002/03/15 v2.1.5 subfigure package
\subfigtopskip=\skip91
\subfigcapskip=\skip92
\subfigcaptopadj=\dimen291
\subfigbottomskip=\skip93
\subfigcapmargin=\dimen292
\subfiglabelskip=\skip94
\c@subfigure=\count341
\c@lofdepth=\count342
\c@subtable=\count343
\c@lotdepth=\count344

****************************************
* Local config file subfigure.cfg used *
****************************************
(d:/texlive/2020/texmf-dist/tex/latex/subfigure/subfigure.cfg)
\subfig@top=\skip95
\subfig@bottom=\skip96
) (d:/texlive/2020/texmf-dist/tex/latex/amsfonts/amsfonts.sty
Package: amsfonts 2013/01/14 v3.01 Basic AMSFonts support
\symAMSa=\mathgroup5
\symAMSb=\mathgroup6
LaTeX Font Info:    Redeclaring math symbol \hbar on input line 98.
LaTeX Font Info:    Overwriting math alphabet `\mathfrak' in version `bold'
(Font)                  U/euf/m/n --> U/euf/b/n on input line 106.
) (d:/texlive/2020/texmf-dist/tex/latex/float/float.sty
Package: float 2001/11/08 v1.3d Float enhancements (AL)
\c@float@type=\count345
\float@exts=\toks34
\float@box=\box69
\@float@everytoks=\toks35
\@floatcapt=\box70
)

Package fontspec Info: Font family 'Cambria(0)' created for font 'Cambria'
(fontspec)             with options [Ligatures=TeX,ItalicFont={Cambria
(fontspec)             Italic},BoldFont={Cambria Bold},BoldItalicFont={Cambria
(fontspec)             Bold Italic}].
(fontspec)              
(fontspec)              This font family consists of the following NFSS
(fontspec)             series/shapes:
(fontspec)              
(fontspec)             - 'normal' (m/n) with NFSS spec.:
(fontspec)             <->"Cambria/OT:script=latn;language=dflt;mapping=tex-text;"
(fontspec)             - 'small caps'  (m/sc) with NFSS spec.:
(fontspec)             <->"Cambria/OT:script=latn;language=dflt;+smcp;mapping=tex-text;"
(fontspec)             - 'bold' (b/n) with NFSS spec.: <->"Cambria
(fontspec)             Bold/OT:script=latn;language=dflt;mapping=tex-text;"
(fontspec)             - 'bold small caps'  (b/sc) with NFSS spec.:
(fontspec)             <->"Cambria
(fontspec)             Bold/OT:script=latn;language=dflt;+smcp;mapping=tex-text;"
(fontspec)             - 'italic' (m/it) with NFSS spec.: <->"Cambria
(fontspec)             Italic/OT:script=latn;language=dflt;mapping=tex-text;"
(fontspec)             - 'italic small caps'  (m/scit) with NFSS spec.:
(fontspec)             <->"Cambria
(fontspec)             Italic/OT:script=latn;language=dflt;+smcp;mapping=tex-text;"
(fontspec)             - 'bold italic' (b/it) with NFSS spec.: <->"Cambria
(fontspec)             Bold
(fontspec)             Italic/OT:script=latn;language=dflt;mapping=tex-text;"
(fontspec)             - 'bold italic small caps'  (b/scit) with NFSS spec.:
(fontspec)             <->"Cambria Bold
(fontspec)             Italic/OT:script=latn;language=dflt;+smcp;mapping=tex-text;"


Package fontspec Info: Font family 'Consolas(0)' created for font 'Consolas'
(fontspec)             with options
(fontspec)             [WordSpace={1,0,0},HyphenChar=None,PunctuationSpace=WordSpace,ItalicFont={Consolas
(fontspec)             Italic},BoldFont={Consolas
(fontspec)             Bold},BoldItalicFont={Consolas Bold Italic}].
(fontspec)              
(fontspec)              This font family consists of the following NFSS
(fontspec)             series/shapes:
(fontspec)              
(fontspec)             - 'normal' (m/n) with NFSS spec.:
(fontspec)             <->"Consolas/OT:script=latn;language=dflt;"
(fontspec)             - 'small caps'  (m/sc) with NFSS spec.: 
(fontspec)             and font adjustment code:
(fontspec)             \fontdimen 2\font =1\fontdimen 2\font \fontdimen 3\font
(fontspec)             =0\fontdimen 3\font \fontdimen 4\font =0\fontdimen
(fontspec)             4\font \fontdimen 7\font =0\fontdimen 2\font
(fontspec)             \tex_hyphenchar:D \font =-1\scan_stop: 
(fontspec)             - 'bold' (b/n) with NFSS spec.: <->"Consolas
(fontspec)             Bold/OT:script=latn;language=dflt;"
(fontspec)             - 'bold small caps'  (b/sc) with NFSS spec.: 
(fontspec)             and font adjustment code:
(fontspec)             \fontdimen 2\font =1\fontdimen 2\font \fontdimen 3\font
(fontspec)             =0\fontdimen 3\font \fontdimen 4\font =0\fontdimen
(fontspec)             4\font \fontdimen 7\font =0\fontdimen 2\font
(fontspec)             \tex_hyphenchar:D \font =-1\scan_stop: 
(fontspec)             - 'italic' (m/it) with NFSS spec.: <->"Consolas
(fontspec)             Italic/OT:script=latn;language=dflt;"
(fontspec)             - 'italic small caps'  (m/scit) with NFSS spec.: 
(fontspec)             and font adjustment code:
(fontspec)             \fontdimen 2\font =1\fontdimen 2\font \fontdimen 3\font
(fontspec)             =0\fontdimen 3\font \fontdimen 4\font =0\fontdimen
(fontspec)             4\font \fontdimen 7\font =0\fontdimen 2\font
(fontspec)             \tex_hyphenchar:D \font =-1\scan_stop: 
(fontspec)             - 'bold italic' (b/it) with NFSS spec.: <->"Consolas
(fontspec)             Bold Italic/OT:script=latn;language=dflt;"
(fontspec)             - 'bold italic small caps'  (b/scit) with NFSS spec.: 
(fontspec)             and font adjustment code:
(fontspec)             \fontdimen 2\font =1\fontdimen 2\font \fontdimen 3\font
(fontspec)             =0\fontdimen 3\font \fontdimen 4\font =0\fontdimen
(fontspec)             4\font \fontdimen 7\font =0\fontdimen 2\font
(fontspec)             \tex_hyphenchar:D \font =-1\scan_stop: 

 (d:/texlive/2020/texmf-dist/tex/latex/unicode-math/unicode-math.sty
Package: unicode-math 2020/01/31 v0.8q Unicode maths in XeLaTeX and LuaLaTeX
 (d:/texlive/2020/texmf-dist/tex/latex/unicode-math/unicode-math-xetex.sty
Package: unicode-math-xetex 2020/01/31 v0.8q Unicode maths in XeLaTeX and LuaLaTeX
\g__um_fam_int=\count346
\g__um_fonts_used_int=\count347
\l__um_primecount_int=\count348
\g__um_primekern_muskip=\muskip19
 (d:/texlive/2020/texmf-dist/tex/latex/unicode-math/unicode-math-table.tex)))

Package fontspec Info: Could not resolve font "Cambria Math/B" (it probably
(fontspec)             doesn't exist).


Package fontspec Info: Font family 'CambriaMath(0)' created for font 'Cambria
(fontspec)             Math' with options
(fontspec)             [BoldItalicFont={},ItalicFont={},SmallCapsFont={},Script=Math].
(fontspec)              
(fontspec)              This font family consists of the following NFSS
(fontspec)             series/shapes:
(fontspec)              
(fontspec)             - 'normal' (m/n) with NFSS spec.: <->"Cambria
(fontspec)             Math/OT:script=math;language=dflt;"
(fontspec)             - 'small caps'  (m/sc) with NFSS spec.: 


Package fontspec Info: Could not resolve font "Cambria Math/B" (it probably
(fontspec)             doesn't exist).


Package fontspec Info: Font family 'CambriaMath(1)' created for font 'Cambria
(fontspec)             Math' with options
(fontspec)             [BoldItalicFont={},ItalicFont={},SmallCapsFont={},Script=Math,SizeFeatures={{Size=8.65-},{Size=6.65-8.65,Font=Cambria
(fontspec)             Math,Style=MathScript},{Size=-6.65,Font=Cambria
(fontspec)             Math,Style=MathScriptScript}}].
(fontspec)              
(fontspec)              This font family consists of the following NFSS
(fontspec)             series/shapes:
(fontspec)              
(fontspec)             - 'normal' (m/n) with NFSS spec.: <8.65->"Cambria
(fontspec)             Math/OT:script=math;language=dflt;"<6.65-8.65>"Cambria
(fontspec)             Math/OT:script=math;language=dflt;+ssty=0;"<-6.65>"Cambria
(fontspec)             Math/OT:script=math;language=dflt;+ssty=1;"
(fontspec)             - 'small caps'  (m/sc) with NFSS spec.: 

LaTeX Font Info:    Encoding `OT1' has changed to `TU' for symbol font
(Font)              `operators' in the math version `normal' on input line 69.
LaTeX Font Info:    Overwriting symbol font `operators' in version `normal'
(Font)                  OT1/cmr/m/n --> TU/CambriaMath(1)/m/n on input line 69.
LaTeX Font Info:    Encoding `OT1' has changed to `TU' for symbol font
(Font)              `operators' in the math version `bold' on input line 69.
LaTeX Font Info:    Overwriting symbol font `operators' in version `bold'
(Font)                  OT1/cmr/bx/n --> TU/CambriaMath(1)/b/n on input line 69.

Package fontspec Info: Cambria Math scale = 1.0001.


Package fontspec Info: Could not resolve font "Cambria Math/B" (it probably
(fontspec)             doesn't exist).


Package fontspec Info: Cambria Math scale = 1.0001.


Package fontspec Info: Cambria Math scale = 1.0001.


Package fontspec Info: Cambria Math scale = 1.0001.


Package fontspec Info: Font family 'CambriaMath(2)' created for font 'Cambria
(fontspec)             Math' with options
(fontspec)             [BoldItalicFont={},ItalicFont={},SmallCapsFont={},Script=Math,SizeFeatures={{Size=8.65-},{Size=6.65-8.65,Font=Cambria
(fontspec)             Math,Style=MathScript},{Size=-6.65,Font=Cambria
(fontspec)             Math,Style=MathScriptScript}},ScaleAgain=1.0001,FontAdjustment={\fontdimen
(fontspec)             8\font =7.56836pt\relax \fontdimen 9\font
(fontspec)             =5.85938pt\relax \fontdimen 10\font =4.58984pt\relax
(fontspec)             \fontdimen 11\font =6.68945pt\relax \fontdimen 12\font
(fontspec)             =5.0293pt\relax \fontdimen 13\font =3.66211pt\relax
(fontspec)             \fontdimen 14\font =3.66211pt\relax \fontdimen 15\font
(fontspec)             =3.00293pt\relax \fontdimen 16\font =2.04102pt\relax
(fontspec)             \fontdimen 17\font =2.04102pt\relax \fontdimen 18\font
(fontspec)             =2.2461pt\relax \fontdimen 19\font =1.5625pt\relax
(fontspec)             \fontdimen 22\font =2.85645pt\relax \fontdimen 20\font
(fontspec)             =0pt\relax \fontdimen 21\font =0pt\relax }].
(fontspec)              
(fontspec)              This font family consists of the following NFSS
(fontspec)             series/shapes:
(fontspec)              
(fontspec)             - 'normal' (m/n) with NFSS spec.:
(fontspec)             <8.65->s*[1.0001]"Cambria
(fontspec)             Math/OT:script=math;language=dflt;"<6.65-8.65>s*[1.0001]"Cambria
(fontspec)             Math/OT:script=math;language=dflt;+ssty=0;"<-6.65>s*[1.0001]"Cambria
(fontspec)             Math/OT:script=math;language=dflt;+ssty=1;"
(fontspec)             - 'small caps'  (m/sc) with NFSS spec.: 
(fontspec)             and font adjustment code:
(fontspec)             \fontdimen 8\font =7.56836pt\relax \fontdimen 9\font
(fontspec)             =5.85938pt\relax \fontdimen 10\font =4.58984pt\relax
(fontspec)             \fontdimen 11\font =6.68945pt\relax \fontdimen 12\font
(fontspec)             =5.0293pt\relax \fontdimen 13\font =3.66211pt\relax
(fontspec)             \fontdimen 14\font =3.66211pt\relax \fontdimen 15\font
(fontspec)             =3.00293pt\relax \fontdimen 16\font =2.04102pt\relax
(fontspec)             \fontdimen 17\font =2.04102pt\relax \fontdimen 18\font
(fontspec)             =2.2461pt\relax \fontdimen 19\font =1.5625pt\relax
(fontspec)             \fontdimen 22\font =2.85645pt\relax \fontdimen 20\font
(fontspec)             =0pt\relax \fontdimen 21\font =0pt\relax 

LaTeX Font Info:    Encoding `OMS' has changed to `TU' for symbol font
(Font)              `symbols' in the math version `normal' on input line 69.
LaTeX Font Info:    Overwriting symbol font `symbols' in version `normal'
(Font)                  OMS/cmsy/m/n --> TU/CambriaMath(2)/m/n on input line 69.
LaTeX Font Info:    Encoding `OMS' has changed to `TU' for symbol font
(Font)              `symbols' in the math version `bold' on input line 69.
LaTeX Font Info:    Overwriting symbol font `symbols' in version `bold'
(Font)                  OMS/cmsy/b/n --> TU/CambriaMath(2)/b/n on input line 69.

Package fontspec Info: Cambria Math scale = 0.9999.


Package fontspec Info: Could not resolve font "Cambria Math/B" (it probably
(fontspec)             doesn't exist).


Package fontspec Info: Cambria Math scale = 0.9999.


Package fontspec Info: Cambria Math scale = 0.9999.


Package fontspec Info: Cambria Math scale = 0.9999.


Package fontspec Info: Font family 'CambriaMath(3)' created for font 'Cambria
(fontspec)             Math' with options
(fontspec)             [BoldItalicFont={},ItalicFont={},SmallCapsFont={},Script=Math,SizeFeatures={{Size=8.65-},{Size=6.65-8.65,Font=Cambria
(fontspec)             Math,Style=MathScript},{Size=-6.65,Font=Cambria
(fontspec)             Math,Style=MathScriptScript}},ScaleAgain=0.9999,FontAdjustment={\fontdimen
(fontspec)             8\font =0.64941pt\relax \fontdimen 9\font
(fontspec)             =0.64941pt\relax \fontdimen 10\font =0.64941pt\relax
(fontspec)             \fontdimen 11\font =2.4414pt\relax \fontdimen 12\font
(fontspec)             =6.05469pt\relax \fontdimen 13\font =0pt\relax }].
(fontspec)              
(fontspec)              This font family consists of the following NFSS
(fontspec)             series/shapes:
(fontspec)              
(fontspec)             - 'normal' (m/n) with NFSS spec.:
(fontspec)             <8.65->s*[0.9999]"Cambria
(fontspec)             Math/OT:script=math;language=dflt;"<6.65-8.65>s*[0.9999]"Cambria
(fontspec)             Math/OT:script=math;language=dflt;+ssty=0;"<-6.65>s*[0.9999]"Cambria
(fontspec)             Math/OT:script=math;language=dflt;+ssty=1;"
(fontspec)             - 'small caps'  (m/sc) with NFSS spec.: 
(fontspec)             and font adjustment code:
(fontspec)             \fontdimen 8\font =0.64941pt\relax \fontdimen 9\font
(fontspec)             =0.64941pt\relax \fontdimen 10\font =0.64941pt\relax
(fontspec)             \fontdimen 11\font =2.4414pt\relax \fontdimen 12\font
(fontspec)             =6.05469pt\relax \fontdimen 13\font =0pt\relax 

LaTeX Font Info:    Encoding `OMX' has changed to `TU' for symbol font
(Font)              `largesymbols' in the math version `normal' on input line 69.
LaTeX Font Info:    Overwriting symbol font `largesymbols' in version `normal'
(Font)                  OMX/cmex/m/n --> TU/CambriaMath(3)/m/n on input line 69.
LaTeX Font Info:    Encoding `OMX' has changed to `TU' for symbol font
(Font)              `largesymbols' in the math version `bold' on input line 69.
LaTeX Font Info:    Overwriting symbol font `largesymbols' in version `bold'
(Font)                  OMX/cmex/m/n --> TU/CambriaMath(3)/b/n on input line 69.
Package csquotes Info: Checking for multilingual support...
Package csquotes Info: ... found 'polyglossia' package.
Package csquotes Info: Adjusting default style.


Package csquotes Warning: No style for language 'latex'.
(csquotes)                Using fallback style on input line 75.

Package csquotes Info: Redefining alias 'default' -> 'fallback'.
(d:/texlive/2020/texmf-dist/tex/xelatex/xecjk/xeCJK-listings.sty
Package: xeCJK-listings 2020/02/18 v3.8.2 xeCJK patch file for listings
\l__xeCJK_listings_max_char_int=\count349
\l__xeCJK_listings_flag_int=\count350
) (./Assignment1.aux
LaTeX Info: Redefining \rmfamily on input line 20.
LaTeX Info: Redefining \sffamily on input line 20.
LaTeX Info: Redefining \ttfamily on input line 20.
)
\openout1 = `Assignment1.aux'.

LaTeX Font Info:    Checking defaults for OML/cmm/m/it on input line 75.
LaTeX Font Info:    ... okay on input line 75.
LaTeX Font Info:    Checking defaults for OMS/cmsy/m/n on input line 75.
LaTeX Font Info:    ... okay on input line 75.
LaTeX Font Info:    Checking defaults for OT1/cmr/m/n on input line 75.
LaTeX Font Info:    ... okay on input line 75.
LaTeX Font Info:    Checking defaults for T1/cmr/m/n on input line 75.
LaTeX Font Info:    ... okay on input line 75.
LaTeX Font Info:    Checking defaults for TS1/cmr/m/n on input line 75.
LaTeX Font Info:    ... okay on input line 75.
LaTeX Font Info:    Checking defaults for TU/lmr/m/n on input line 75.
LaTeX Font Info:    ... okay on input line 75.
LaTeX Font Info:    Checking defaults for OMX/cmex/m/n on input line 75.
LaTeX Font Info:    ... okay on input line 75.
LaTeX Font Info:    Checking defaults for U/cmr/m/n on input line 75.
LaTeX Font Info:    ... okay on input line 75.
LaTeX Font Info:    Checking defaults for PD1/pdf/m/n on input line 75.
LaTeX Font Info:    ... okay on input line 75.
LaTeX Font Info:    Checking defaults for PU/pdf/m/n on input line 75.
LaTeX Font Info:    ... okay on input line 75.
Package scrbase Info: activating latex \contentsname on input line 75.
Package scrbase Info: activating latex \listfigurename on input line 75.
Package scrbase Info: activating latex \listtablename on input line 75.

*geometry* driver: auto-detecting
*geometry* detected driver: xetex
*geometry* verbose mode - [ preamble ] result:
* driver: xetex
* paper: b5paper
* layout: <same size as paper>
* layoutoffset:(h,v)=(0.0pt,0.0pt)
* modes: 
* h-part:(L,W,R)=(71.13188pt, 372.73111pt, 56.9055pt)
* v-part:(T,H,B)=(56.9055pt, 597.50789pt, 56.9055pt)
* \paperwidth=500.7685pt
* \paperheight=711.3189pt
* \textwidth=372.73111pt
* \textheight=597.50789pt
* \oddsidemargin=-1.1381pt
* \evensidemargin=-1.1381pt
* \topmargin=-48.36449pt
* \headheight=15.0pt
* \headsep=18.0pt
* \topskip=10.0pt
* \footskip=42.0pt
* \marginparwidth=74.68849pt
* \marginparsep=12.8401pt
* \columnsep=10.0pt
* \skip\footins=9.0pt plus 4.0pt minus 2.0pt
* \hoffset=0.0pt
* \voffset=0.0pt
* \mag=1000
* \@twocolumnfalse
* \@twosidefalse
* \@mparswitchfalse
* \@reversemarginfalse
* (1in=72.27pt=25.4mm, 1cm=28.453pt)

ABD: EveryShipout initializing macros

Package scrpage2 Warning: seems you are using a very small headheight.
(scrpage2)                If you get overfull \vbox warnings at almost every
(scrpage2)                page, you should increase headheight e.g. writing
(scrpage2)                 \setlength{\headheight}{1.1\baselineskip}
(scrpage2)                into the preamble of your document.
(scrpage2)                A better solution would be to use typearea package.


Class scrartcl Warning: discard change of \selectfont.

ABD: EverySelectfont initializing macros

LaTeX Warning: Command \selectfont   has changed.
               Check if current package is valid.

LaTeX Info: Redefining \selectfont on input line 75.
\AtBeginShipoutBox=\box71
Package hyperref Info: Link coloring OFF on input line 75.
(d:/texlive/2020/texmf-dist/tex/latex/hyperref/nameref.sty
Package: nameref 2019/09/16 v2.46 Cross-referencing by name of section
 (d:/texlive/2020/texmf-dist/tex/latex/refcount/refcount.sty
Package: refcount 2019/12/15 v3.6 Data extraction from label references (HO)
) (d:/texlive/2020/texmf-dist/tex/generic/gettitlestring/gettitlestring.sty
Package: gettitlestring 2019/12/15 v1.6 Cleanup title references (HO)
)
\c@section@level=\count351
)
LaTeX Info: Redefining \ref on input line 75.
LaTeX Info: Redefining \pageref on input line 75.
LaTeX Info: Redefining \nameref on input line 75.
 (./Assignment1.out) (./Assignment1.out)
\@outlinefile=\write3
\openout3 = `Assignment1.out'.

Class scrartcl Info: loading recommended package `bookmark'.
(scrartcl)           Using `bookmark' together with `hyperref' is recommended,
(scrartcl)           because of handling of possible bookmark level gaps.
(scrartcl)           You can avoid loading `bookmark' with KOMA-Script option
(scrartcl)           `bookmarkpackage=false' before \begin{document} and
(scrartcl)           you can avoid this message adding:
(scrartcl)             \usepackage{bookmark}
(scrartcl)           before \begin{document} on input line 75.
 (d:/texlive/2020/texmf-dist/tex/latex/bookmark/bookmark.sty
Package: bookmark 2019/12/03 v1.28 PDF bookmarks (HO)
 (d:/texlive/2020/texmf-dist/tex/latex/bookmark/bkm-dvipdfm.def
File: bkm-dvipdfm.def 2019/12/03 v1.28 bookmark driver for dvipdfm (HO)
\BKM@id=\count352
))
\c@lstlisting=\count353
Package caption Info: Begin \AtBeginDocument code.
Package caption Info: float package is loaded.
Package caption Info: subfigure package is loaded.
Package caption Info: End \AtBeginDocument code.
LaTeX Font Info:    Overwriting math alphabet `\mathrm' in version `normal'
(Font)                  TU/CambriaMath(1)/m/n --> TU/lmr/m/n on input line 75.
LaTeX Font Info:    Overwriting math alphabet `\mathit' in version `normal'
(Font)                  OT1/cmr/m/it --> TU/lmr/m/it on input line 75.
LaTeX Font Info:    Overwriting math alphabet `\mathbf' in version `normal'
(Font)                  OT1/cmr/bx/n --> TU/lmr/bx/n on input line 75.
LaTeX Font Info:    Overwriting math alphabet `\mathsf' in version `normal'
(Font)                  OT1/cmss/m/n --> TU/Cambria(0)/m/n on input line 75.
LaTeX Font Info:    Overwriting math alphabet `\mathsf' in version `bold'
(Font)                  OT1/cmss/bx/n --> TU/Cambria(0)/bx/n on input line 75.
LaTeX Font Info:    Overwriting math alphabet `\mathtt' in version `normal'
(Font)                  OT1/cmtt/m/n --> TU/Consolas(0)/m/n on input line 75.
LaTeX Font Info:    Overwriting math alphabet `\mathtt' in version `bold'
(Font)                  OT1/cmtt/m/n --> TU/Consolas(0)/bx/n on input line 75.
LaTeX Info: Redefining \rmfamily on input line 75.
LaTeX Info: Redefining \sffamily on input line 75.
LaTeX Info: Redefining \ttfamily on input line 75.

Package fontspec Info: Font family 'TimesNewRoman(0)' created for font 'Times
(fontspec)             New Roman' with options [].
(fontspec)              
(fontspec)              This font family consists of the following NFSS
(fontspec)             series/shapes:
(fontspec)              
(fontspec)             - 'normal' (m/n) with NFSS spec.: <->"Times New
(fontspec)             Roman/OT:script=latn;language=dflt;"
(fontspec)             - 'small caps'  (m/sc) with NFSS spec.: <->"Times New
(fontspec)             Roman/OT:script=latn;language=dflt;+smcp;"
(fontspec)             - 'bold' (b/n) with NFSS spec.: <->"Times New
(fontspec)             Roman/B/OT:script=latn;language=dflt;"
(fontspec)             - 'bold small caps'  (b/sc) with NFSS spec.: <->"Times
(fontspec)             New Roman/B/OT:script=latn;language=dflt;+smcp;"
(fontspec)             - 'italic' (m/it) with NFSS spec.: <->"Times New
(fontspec)             Roman/I/OT:script=latn;language=dflt;"
(fontspec)             - 'italic small caps'  (m/scit) with NFSS spec.:
(fontspec)             <->"Times New
(fontspec)             Roman/I/OT:script=latn;language=dflt;+smcp;"
(fontspec)             - 'bold italic' (b/it) with NFSS spec.: <->"Times New
(fontspec)             Roman/BI/OT:script=latn;language=dflt;"
(fontspec)             - 'bold italic small caps'  (b/scit) with NFSS spec.:
(fontspec)             <->"Times New
(fontspec)             Roman/BI/OT:script=latn;language=dflt;+smcp;"


Underfull \hbox (badness 10000) in paragraph at lines 89--90

 []

LaTeX Font Info:    Font shape `TU/TimesNewRoman(0)/bx/n' in size <14.4> not available
(Font)              Font shape `TU/TimesNewRoman(0)/b/n' tried instead on input line 96.
[1

]
LaTeX Font Info:    Font shape `TU/CambriaMath(2)/m/n' will be
(Font)              scaled to size 10.00107pt on input line 129.
LaTeX Font Info:    Font shape `TU/CambriaMath(2)/m/n' will be
(Font)              scaled to size 7.30078pt on input line 129.
LaTeX Font Info:    Font shape `TU/CambriaMath(2)/m/n' will be
(Font)              scaled to size 6.00064pt on input line 129.
LaTeX Font Info:    Font shape `TU/CambriaMath(3)/m/n' will be
(Font)              scaled to size 9.99893pt on input line 129.
LaTeX Font Info:    Font shape `TU/CambriaMath(3)/m/n' will be
(Font)              scaled to size 7.29921pt on input line 129.
LaTeX Font Info:    Font shape `TU/CambriaMath(3)/m/n' will be
(Font)              scaled to size 5.99936pt on input line 129.
LaTeX Font Info:    Trying to load font information for U+rsfs on input line 129.
 (d:/texlive/2020/texmf-dist/tex/latex/jknapltx/ursfs.fd
File: ursfs.fd 1998/03/24 rsfs font definition file (jk)
)
LaTeX Font Info:    Trying to load font information for U+msa on input line 129.
 (d:/texlive/2020/texmf-dist/tex/latex/amsfonts/umsa.fd
File: umsa.fd 2013/01/14 v3.01 AMS symbols A
)
LaTeX Font Info:    Trying to load font information for U+msb on input line 129.
 (d:/texlive/2020/texmf-dist/tex/latex/amsfonts/umsb.fd
File: umsb.fd 2013/01/14 v3.01 AMS symbols B
)
Overfull \vbox (0.86322pt too high) has occurred while \output is active []

 [2]
Overfull \vbox (0.86322pt too high) has occurred while \output is active []

 [3]
Overfull \vbox (0.86322pt too high) has occurred while \output is active []

 [4] (./Assignment1.bbl)
The property list \polyglossia@langsetup contains the pairs (without outer
braces):
>  {latex/script}  =>  {latin}
>  {latex/lcscript}  =>  {latin}
>  {latex/scripttag}  =>  {}
>  {latex/language}  =>  {Latex}
>  {latex/langtag}  =>  {ENG}
>  {latex/bcp47}  =>  {}
>  {latex/hyphennames}  =>  {english}
>  {latex/direction}  =>  {LR}
>  {latex/hyphenmins}  =>  {2,3}
>  {latex/frenchspacing}  =>  {false}
>  {latex/indentfirst}  =>  {false}
>  {latex/fontsetup}  =>  {true}
>  {latex/envname}  =>  {latex}
>  {latex/babelname}  =>  {latex}
>  {latex/localnumeral}  =>  {polyglossia@C@localnumeral}
>  {latex/Localnumeral}  =>  {polyglossia@C@localnumeral}.
Package atveryend Info: Empty hook `BeforeClearDocument' on input line 158.

Overfull \vbox (0.86322pt too high) has occurred while \output is active []

 [5]
Package atveryend Info: Empty hook `AfterLastShipout' on input line 158.
 (./Assignment1.aux
LaTeX Info: Redefining \rmfamily on input line 20.
LaTeX Info: Redefining \sffamily on input line 20.
LaTeX Info: Redefining \ttfamily on input line 20.
)
Package atveryend Info: Empty hook `AtVeryEndDocument' on input line 158.
Package atveryend Info: Executing hook `AtEndAfterFileList' on input line 158.
Package rerunfilecheck Info: File `Assignment1.out' has not changed.
(rerunfilecheck)             Checksum: D41D8CD98F00B204E9800998ECF8427E;0.
 ) 
Here is how much of TeX's memory you used:
 28004 strings out of 479418
 536480 string characters out of 5888105
 1262653 words of memory out of 5000000
 45050 multiletter control sequences out of 15000+600000
 536488 words of font info for 98 fonts, out of 8000000 for 9000
 1348 hyphenation exceptions out of 8191
 59i,11n,112p,10183b,385s stack positions out of 5000i,500n,10000p,200000b,80000s

Output written on Assignment1.pdf (5 pages).
